<?xml version="1.0" encoding="UTF-8"?>
<TestRun id="8b84863a-6182-47ee-95b3-ac3bf35fe77f" name="sai@SANDEEP-PC 2015-11-10 13:07:34" runUser="SANDEEP-PC\sai" xmlns="http://microsoft.com/schemas/VisualStudio/TeamTest/2010">
  <TestSettings name="Local" id="93881a98-6725-4bcc-89ec-94a70b903099">
    <Description>These are default test settings for a local test run.</Description>
    <Deployment enabled="false" runDeploymentRoot="sai_SANDEEP-PC 2015-11-10 13_07_34">
      <DeploymentItem filename="C:\Users\sai\Desktop\BOWLING\Bowling\Bowling\bin\Debug\Bowling.exe" />
    </Deployment>
    <Execution>
      <TestTypeSpecific />
      <AgentRule name="Execution Agents">
      </AgentRule>
    </Execution>
  </TestSettings>
  <Times creation="2015-11-10T13:07:34.8180725-05:00" queuing="2015-11-10T13:07:39.1217126-05:00" start="2015-11-10T13:07:39.4024287-05:00" finish="2015-11-10T13:07:40.7331295-05:00" />
  <ResultSummary outcome="Completed">
    <Counters total="4" executed="4" passed="4" error="0" failed="0" timeout="0" aborted="0" inconclusive="0" passedButRunAborted="0" notRunnable="0" notExecuted="0" disconnected="0" warning="0" completed="0" inProgress="0" pending="0" />
  </ResultSummary>
  <TestDefinitions>
    <UnitTest name="TestStrike" storage="c:\users\sai\desktop\bowling\bowling\testgame\bin\debug\testgame.dll" id="6e74ba0d-4f88-5a13-5df2-ad44d97a748d">
      <Execution id="1c39fef1-6c83-4651-a1f6-36b93ea07bc6" />
      <TestMethod codeBase="C:/Users/sai/Desktop/BOWLING/Bowling/TestGame/bin/Debug/TestGame.DLL" adapterTypeName="Microsoft.VisualStudio.TestTools.TestTypes.Unit.UnitTestAdapter, Microsoft.VisualStudio.QualityTools.Tips.UnitTest.Adapter, Version=10.0.0.0, Culture=neutral, PublicKeyToken=b03f5f7f11d50a3a" className="UnitTestGame.UnitTest1, TestGame, Version=1.0.0.0, Culture=neutral, PublicKeyToken=null" name="TestStrike" />
    </UnitTest>
    <UnitTest name="TestScore" storage="c:\users\sai\desktop\bowling\bowling\testgame\bin\debug\testgame.dll" id="eacdaa4a-3d65-a830-3202-2a64e30f4f90">
      <Execution id="78e93b94-0916-4aad-b4af-757432cf2903" />
      <TestMethod codeBase="C:/Users/sai/Desktop/BOWLING/Bowling/TestGame/bin/Debug/TestGame.DLL" adapterTypeName="Microsoft.VisualStudio.TestTools.TestTypes.Unit.UnitTestAdapter, Microsoft.VisualStudio.QualityTools.Tips.UnitTest.Adapter, Version=10.0.0.0, Culture=neutral, PublicKeyToken=b03f5f7f11d50a3a" className="UnitTestGame.UnitTest1, TestGame, Version=1.0.0.0, Culture=neutral, PublicKeyToken=null" name="TestScore" />
    </UnitTest>
    <UnitTest name="TestSpares" storage="c:\users\sai\desktop\bowling\bowling\testgame\bin\debug\testgame.dll" id="7ffe13b0-6ca1-06a0-5e01-3b7458b85cf3">
      <Execution id="3c40bb8c-1d6a-4415-bc51-4fe6f38c995e" />
      <TestMethod codeBase="C:/Users/sai/Desktop/BOWLING/Bowling/TestGame/bin/Debug/TestGame.DLL" adapterTypeName="Microsoft.VisualStudio.TestTools.TestTypes.Unit.UnitTestAdapter, Microsoft.VisualStudio.QualityTools.Tips.UnitTest.Adapter, Version=10.0.0.0, Culture=neutral, PublicKeyToken=b03f5f7f11d50a3a" className="UnitTestGame.UnitTest1, TestGame, Version=1.0.0.0, Culture=neutral, PublicKeyToken=null" name="TestSpares" />
    </UnitTest>
    <UnitTest name="TestRoll" storage="c:\users\sai\desktop\bowling\bowling\testgame\bin\debug\testgame.dll" id="9eb1c87a-f0d8-498c-5615-2720e158824b">
      <Execution id="1229d122-f0aa-4d65-9e7e-dc46c9f592ab" />
      <TestMethod codeBase="C:/Users/sai/Desktop/BOWLING/Bowling/TestGame/bin/Debug/TestGame.DLL" adapterTypeName="Microsoft.VisualStudio.TestTools.TestTypes.Unit.UnitTestAdapter, Microsoft.VisualStudio.QualityTools.Tips.UnitTest.Adapter, Version=10.0.0.0, Culture=neutral, PublicKeyToken=b03f5f7f11d50a3a" className="UnitTestGame.UnitTest1, TestGame, Version=1.0.0.0, Culture=neutral, PublicKeyToken=null" name="TestRoll" />
    </UnitTest>
  </TestDefinitions>
  <TestLists>
    <TestList name="Results Not in a List" id="8c84fa94-04c1-424b-9868-57a2d4851a1d" />
    <TestList name="All Loaded Results" id="19431567-8539-422a-85d7-44ee4e166bda" />
  </TestLists>
  <TestEntries>
    <TestEntry testId="6e74ba0d-4f88-5a13-5df2-ad44d97a748d" executionId="1c39fef1-6c83-4651-a1f6-36b93ea07bc6" testListId="8c84fa94-04c1-424b-9868-57a2d4851a1d" />
    <TestEntry testId="7ffe13b0-6ca1-06a0-5e01-3b7458b85cf3" executionId="3c40bb8c-1d6a-4415-bc51-4fe6f38c995e" testListId="8c84fa94-04c1-424b-9868-57a2d4851a1d" />
    <TestEntry testId="9eb1c87a-f0d8-498c-5615-2720e158824b" executionId="1229d122-f0aa-4d65-9e7e-dc46c9f592ab" testListId="8c84fa94-04c1-424b-9868-57a2d4851a1d" />
    <TestEntry testId="eacdaa4a-3d65-a830-3202-2a64e30f4f90" executionId="78e93b94-0916-4aad-b4af-757432cf2903" testListId="8c84fa94-04c1-424b-9868-57a2d4851a1d" />
  </TestEntries>
  <Results>
    <UnitTestResult executionId="1c39fef1-6c83-4651-a1f6-36b93ea07bc6" testId="6e74ba0d-4f88-5a13-5df2-ad44d97a748d" testName="TestStrike" computerName="SANDEEP-PC" duration="00:00:00.0767110" startTime="2015-11-10T13:07:39.4564646-05:00" endTime="2015-11-10T13:07:40.5875215-05:00" testType="13cdc9d9-ddb5-4fa4-a97d-d965ccfc6d4b" outcome="Passed" testListId="8c84fa94-04c1-424b-9868-57a2d4851a1d" relativeResultsDirectory="1c39fef1-6c83-4651-a1f6-36b93ea07bc6">
    </UnitTestResult>
    <UnitTestResult executionId="3c40bb8c-1d6a-4415-bc51-4fe6f38c995e" testId="7ffe13b0-6ca1-06a0-5e01-3b7458b85cf3" testName="TestSpares" computerName="SANDEEP-PC" duration="00:00:00.0011305" startTime="2015-11-10T13:07:40.5905187-05:00" endTime="2015-11-10T13:07:40.6005254-05:00" testType="13cdc9d9-ddb5-4fa4-a97d-d965ccfc6d4b" outcome="Passed" testListId="8c84fa94-04c1-424b-9868-57a2d4851a1d" relativeResultsDirectory="3c40bb8c-1d6a-4415-bc51-4fe6f38c995e">
    </UnitTestResult>
    <UnitTestResult executionId="1229d122-f0aa-4d65-9e7e-dc46c9f592ab" testId="9eb1c87a-f0d8-498c-5615-2720e158824b" testName="TestRoll" computerName="SANDEEP-PC" duration="00:00:00.0007479" startTime="2015-11-10T13:07:40.6025271-05:00" endTime="2015-11-10T13:07:40.6185373-05:00" testType="13cdc9d9-ddb5-4fa4-a97d-d965ccfc6d4b" outcome="Passed" testListId="8c84fa94-04c1-424b-9868-57a2d4851a1d" relativeResultsDirectory="1229d122-f0aa-4d65-9e7e-dc46c9f592ab">
    </UnitTestResult>
    <UnitTestResult executionId="78e93b94-0916-4aad-b4af-757432cf2903" testId="eacdaa4a-3d65-a830-3202-2a64e30f4f90" testName="TestScore" computerName="SANDEEP-PC" duration="00:00:00.0026639" startTime="2015-11-10T13:07:40.6205395-05:00" endTime="2015-11-10T13:07:40.6305449-05:00" testType="13cdc9d9-ddb5-4fa4-a97d-d965ccfc6d4b" outcome="Passed" testListId="8c84fa94-04c1-424b-9868-57a2d4851a1d" relativeResultsDirectory="78e93b94-0916-4aad-b4af-757432cf2903">
    </UnitTestResult>
  </Results>
</TestRun>