<?xml version="1.0" encoding="UTF-8"?>
<TestRun id="c8c31b1e-ea95-41e2-85ed-d95ff51d4d2e" name="sai@SANDEEP-PC 2015-11-10 13:09:14" runUser="SANDEEP-PC\sai" xmlns="http://microsoft.com/schemas/VisualStudio/TeamTest/2010">
  <TestSettings name="Local" id="93881a98-6725-4bcc-89ec-94a70b903099">
    <Description>These are default test settings for a local test run.</Description>
    <Deployment enabled="false" runDeploymentRoot="sai_SANDEEP-PC 2015-11-10 13_09_14">
      <DeploymentItem filename="C:\Users\sai\Desktop\BOWLING\Bowling\Bowling\bin\Debug\Bowling.exe" />
    </Deployment>
    <Execution>
      <TestTypeSpecific />
      <AgentRule name="Execution Agents">
      </AgentRule>
    </Execution>
  </TestSettings>
  <Times creation="2015-11-10T13:09:14.8623818-05:00" queuing="2015-11-10T13:09:15.1643046-05:00" start="2015-11-10T13:09:15.2093343-05:00" finish="2015-11-10T13:09:15.7578857-05:00" />
  <ResultSummary outcome="Completed">
    <Counters total="4" executed="4" passed="4" error="0" failed="0" timeout="0" aborted="0" inconclusive="0" passedButRunAborted="0" notRunnable="0" notExecuted="0" disconnected="0" warning="0" completed="0" inProgress="0" pending="0" />
  </ResultSummary>
  <TestDefinitions>
    <UnitTest name="TestStrike" storage="c:\users\sai\desktop\bowling\bowling\testgame\bin\debug\testgame.dll" id="6e74ba0d-4f88-5a13-5df2-ad44d97a748d">
      <Execution id="042dbdf8-6d58-47ea-aa7e-607519de74c1" />
      <TestMethod codeBase="C:/Users/sai/Desktop/BOWLING/Bowling/TestGame/bin/Debug/TestGame.DLL" adapterTypeName="Microsoft.VisualStudio.TestTools.TestTypes.Unit.UnitTestAdapter, Microsoft.VisualStudio.QualityTools.Tips.UnitTest.Adapter, Version=10.0.0.0, Culture=neutral, PublicKeyToken=b03f5f7f11d50a3a" className="UnitTestGame.UnitTest1, TestGame, Version=1.0.0.0, Culture=neutral, PublicKeyToken=null" name="TestStrike" />
    </UnitTest>
    <UnitTest name="TestScore" storage="c:\users\sai\desktop\bowling\bowling\testgame\bin\debug\testgame.dll" id="eacdaa4a-3d65-a830-3202-2a64e30f4f90">
      <Execution id="a8fc6767-bffb-4413-a255-0480b68cd92e" />
      <TestMethod codeBase="C:/Users/sai/Desktop/BOWLING/Bowling/TestGame/bin/Debug/TestGame.DLL" adapterTypeName="Microsoft.VisualStudio.TestTools.TestTypes.Unit.UnitTestAdapter, Microsoft.VisualStudio.QualityTools.Tips.UnitTest.Adapter, Version=10.0.0.0, Culture=neutral, PublicKeyToken=b03f5f7f11d50a3a" className="UnitTestGame.UnitTest1, TestGame, Version=1.0.0.0, Culture=neutral, PublicKeyToken=null" name="TestScore" />
    </UnitTest>
    <UnitTest name="TestSpares" storage="c:\users\sai\desktop\bowling\bowling\testgame\bin\debug\testgame.dll" id="7ffe13b0-6ca1-06a0-5e01-3b7458b85cf3">
      <Execution id="547b6196-aebb-48fc-a2af-8ae66cde075f" />
      <TestMethod codeBase="C:/Users/sai/Desktop/BOWLING/Bowling/TestGame/bin/Debug/TestGame.DLL" adapterTypeName="Microsoft.VisualStudio.TestTools.TestTypes.Unit.UnitTestAdapter, Microsoft.VisualStudio.QualityTools.Tips.UnitTest.Adapter, Version=10.0.0.0, Culture=neutral, PublicKeyToken=b03f5f7f11d50a3a" className="UnitTestGame.UnitTest1, TestGame, Version=1.0.0.0, Culture=neutral, PublicKeyToken=null" name="TestSpares" />
    </UnitTest>
    <UnitTest name="TestRoll" storage="c:\users\sai\desktop\bowling\bowling\testgame\bin\debug\testgame.dll" id="9eb1c87a-f0d8-498c-5615-2720e158824b">
      <Execution id="2380f337-8974-4478-9292-1c55103cd03f" />
      <TestMethod codeBase="C:/Users/sai/Desktop/BOWLING/Bowling/TestGame/bin/Debug/TestGame.DLL" adapterTypeName="Microsoft.VisualStudio.TestTools.TestTypes.Unit.UnitTestAdapter, Microsoft.VisualStudio.QualityTools.Tips.UnitTest.Adapter, Version=10.0.0.0, Culture=neutral, PublicKeyToken=b03f5f7f11d50a3a" className="UnitTestGame.UnitTest1, TestGame, Version=1.0.0.0, Culture=neutral, PublicKeyToken=null" name="TestRoll" />
    </UnitTest>
  </TestDefinitions>
  <TestLists>
    <TestList name="Results Not in a List" id="8c84fa94-04c1-424b-9868-57a2d4851a1d" />
    <TestList name="All Loaded Results" id="19431567-8539-422a-85d7-44ee4e166bda" />
  </TestLists>
  <TestEntries>
    <TestEntry testId="6e74ba0d-4f88-5a13-5df2-ad44d97a748d" executionId="042dbdf8-6d58-47ea-aa7e-607519de74c1" testListId="8c84fa94-04c1-424b-9868-57a2d4851a1d" />
    <TestEntry testId="7ffe13b0-6ca1-06a0-5e01-3b7458b85cf3" executionId="547b6196-aebb-48fc-a2af-8ae66cde075f" testListId="8c84fa94-04c1-424b-9868-57a2d4851a1d" />
    <TestEntry testId="9eb1c87a-f0d8-498c-5615-2720e158824b" executionId="2380f337-8974-4478-9292-1c55103cd03f" testListId="8c84fa94-04c1-424b-9868-57a2d4851a1d" />
    <TestEntry testId="eacdaa4a-3d65-a830-3202-2a64e30f4f90" executionId="a8fc6767-bffb-4413-a255-0480b68cd92e" testListId="8c84fa94-04c1-424b-9868-57a2d4851a1d" />
  </TestEntries>
  <Results>
    <UnitTestResult executionId="042dbdf8-6d58-47ea-aa7e-607519de74c1" testId="6e74ba0d-4f88-5a13-5df2-ad44d97a748d" testName="TestStrike" computerName="SANDEEP-PC" duration="00:00:00.0252491" startTime="2015-11-10T13:09:15.2203438-05:00" endTime="2015-11-10T13:09:15.6878420-05:00" testType="13cdc9d9-ddb5-4fa4-a97d-d965ccfc6d4b" outcome="Passed" testListId="8c84fa94-04c1-424b-9868-57a2d4851a1d" relativeResultsDirectory="042dbdf8-6d58-47ea-aa7e-607519de74c1">
    </UnitTestResult>
    <UnitTestResult executionId="547b6196-aebb-48fc-a2af-8ae66cde075f" testId="7ffe13b0-6ca1-06a0-5e01-3b7458b85cf3" testName="TestSpares" computerName="SANDEEP-PC" duration="00:00:00.0006753" startTime="2015-11-10T13:09:15.6898405-05:00" endTime="2015-11-10T13:09:15.6988459-05:00" testType="13cdc9d9-ddb5-4fa4-a97d-d965ccfc6d4b" outcome="Passed" testListId="8c84fa94-04c1-424b-9868-57a2d4851a1d" relativeResultsDirectory="547b6196-aebb-48fc-a2af-8ae66cde075f">
    </UnitTestResult>
    <UnitTestResult executionId="2380f337-8974-4478-9292-1c55103cd03f" testId="9eb1c87a-f0d8-498c-5615-2720e158824b" testName="TestRoll" computerName="SANDEEP-PC" duration="00:00:00.0004733" startTime="2015-11-10T13:09:15.7018489-05:00" endTime="2015-11-10T13:09:15.7088558-05:00" testType="13cdc9d9-ddb5-4fa4-a97d-d965ccfc6d4b" outcome="Passed" testListId="8c84fa94-04c1-424b-9868-57a2d4851a1d" relativeResultsDirectory="2380f337-8974-4478-9292-1c55103cd03f">
    </UnitTestResult>
    <UnitTestResult executionId="a8fc6767-bffb-4413-a255-0480b68cd92e" testId="eacdaa4a-3d65-a830-3202-2a64e30f4f90" testName="TestScore" computerName="SANDEEP-PC" duration="00:00:00.0021269" startTime="2015-11-10T13:09:15.7118551-05:00" endTime="2015-11-10T13:09:15.7198600-05:00" testType="13cdc9d9-ddb5-4fa4-a97d-d965ccfc6d4b" outcome="Passed" testListId="8c84fa94-04c1-424b-9868-57a2d4851a1d" relativeResultsDirectory="a8fc6767-bffb-4413-a255-0480b68cd92e">
    </UnitTestResult>
  </Results>
</TestRun>