<?xml version="1.0" encoding="UTF-8"?>
<TestRun id="dcc6ba32-f95b-4379-b6fe-e18ea997a5e4" name="sai@SANDEEP-PC 2015-11-10 13:17:46" runUser="SANDEEP-PC\sai" xmlns="http://microsoft.com/schemas/VisualStudio/TeamTest/2010">
  <TestSettings name="Local" id="93881a98-6725-4bcc-89ec-94a70b903099">
    <Description>These are default test settings for a local test run.</Description>
    <Deployment enabled="false" runDeploymentRoot="sai_SANDEEP-PC 2015-11-10 13_17_46">
      <DeploymentItem filename="C:\Users\sai\Desktop\BOWLING\Bowling\Bowling\bin\Debug\Bowling.exe" />
    </Deployment>
    <Execution>
      <TestTypeSpecific />
      <AgentRule name="Execution Agents">
      </AgentRule>
    </Execution>
  </TestSettings>
  <Times creation="2015-11-10T13:17:46.7998844-05:00" queuing="2015-11-10T13:17:46.8188628-05:00" start="2015-11-10T13:17:46.8308703-05:00" finish="2015-11-10T13:17:47.2888430-05:00" />
  <ResultSummary outcome="Failed">
    <Counters total="1" executed="1" error="0" failed="1" timeout="0" aborted="0" inconclusive="0" passedButRunAborted="0" notRunnable="0" notExecuted="0" disconnected="0" warning="0" passed="0" completed="0" inProgress="0" pending="0" />
  </ResultSummary>
  <TestDefinitions>
    <UnitTest name="TestScore" storage="c:\users\sai\desktop\bowling\bowling\testgame\bin\debug\testgame.dll" id="eacdaa4a-3d65-a830-3202-2a64e30f4f90">
      <Execution id="23a00e16-4012-4a40-a51f-0bf740352fb8" />
      <TestMethod codeBase="C:/Users/sai/Desktop/BOWLING/Bowling/TestGame/bin/Debug/TestGame.DLL" adapterTypeName="Microsoft.VisualStudio.TestTools.TestTypes.Unit.UnitTestAdapter, Microsoft.VisualStudio.QualityTools.Tips.UnitTest.Adapter, Version=10.0.0.0, Culture=neutral, PublicKeyToken=b03f5f7f11d50a3a" className="UnitTestGame.UnitTest1, TestGame, Version=1.0.0.0, Culture=neutral, PublicKeyToken=null" name="TestScore" />
    </UnitTest>
  </TestDefinitions>
  <TestLists>
    <TestList name="Results Not in a List" id="8c84fa94-04c1-424b-9868-57a2d4851a1d" />
    <TestList name="All Loaded Results" id="19431567-8539-422a-85d7-44ee4e166bda" />
  </TestLists>
  <TestEntries>
    <TestEntry testId="eacdaa4a-3d65-a830-3202-2a64e30f4f90" executionId="23a00e16-4012-4a40-a51f-0bf740352fb8" testListId="8c84fa94-04c1-424b-9868-57a2d4851a1d" />
  </TestEntries>
  <Results>
    <UnitTestResult executionId="23a00e16-4012-4a40-a51f-0bf740352fb8" testId="eacdaa4a-3d65-a830-3202-2a64e30f4f90" testName="TestScore" computerName="SANDEEP-PC" duration="00:00:00.1191942" startTime="2015-11-10T13:17:46.8388757-05:00" endTime="2015-11-10T13:17:47.2688293-05:00" testType="13cdc9d9-ddb5-4fa4-a97d-d965ccfc6d4b" outcome="Failed" testListId="8c84fa94-04c1-424b-9868-57a2d4851a1d" relativeResultsDirectory="23a00e16-4012-4a40-a51f-0bf740352fb8">
      <Output>
        <ErrorInfo>
          <Message>Assert.AreEqual failed. Expected:&lt;134&gt;. Actual:&lt;133&gt;. </Message>
          <StackTrace>   at UnitTestGame.UnitTest1.TestScore() in C:\Users\sai\Desktop\BOWLING\Bowling\TestGame\UnitTest1.cs:line 64
</StackTrace>
        </ErrorInfo>
      </Output>
    </UnitTestResult>
  </Results>
</TestRun>